2020-06-16 14:06:19,445;INFO		__main__ Created Employee Khan Ameer Khan.Ameer@email.com
2020-06-16 14:06:19,445;INFO		__main__ Created Employee Corey Schafer Corey.Schafer@email.com
2020-06-16 14:06:19,445;INFO		__main__ Created Employee Electro Boom Electro.Boom@email.com
2020-06-16 14:06:54,876;INFO		employee Created Employee Khan Ameer Khan.Ameer@email.com
2020-06-16 14:06:54,876;INFO		employee Created Employee Corey Schafer Corey.Schafer@email.com
2020-06-16 14:06:54,876;INFO		employee Created Employee Electro Boom Electro.Boom@email.com
2020-06-16 14:09:23,893;INFO		employee Created Employee Khan Ameer Khan.Ameer@email.com
2020-06-16 14:09:23,893;INFO		employee Created Employee Corey Schafer Corey.Schafer@email.com
2020-06-16 14:09:23,893;INFO		employee Created Employee Electro Boom Electro.Boom@email.com
2020-06-16 14:10:18,717;INFO		employee Created Employee Khan Ameer Khan.Ameer@email.com
2020-06-16 14:10:18,717;INFO		employee Created Employee Corey Schafer Corey.Schafer@email.com
2020-06-16 14:10:18,717;INFO		employee Created Employee Electro Boom Electro.Boom@email.com
2020-06-16 14:15:05,949;INFO		employee Created Employee Khan Ameer Khan.Ameer@email.com
2020-06-16 14:15:05,949;INFO		employee Created Employee Corey Schafer Corey.Schafer@email.com
2020-06-16 14:15:05,949;INFO		employee Created Employee Electro Boom Electro.Boom@email.com
2020-06-16 14:15:18,880;INFO		employee Created Employee Khan Ameer Khan.Ameer@email.com
2020-06-16 14:15:18,880;INFO		employee Created Employee Corey Schafer Corey.Schafer@email.com
2020-06-16 14:15:18,880;INFO		employee Created Employee Electro Boom Electro.Boom@email.com
2020-06-16 14:16:05,771;INFO		employee Created Employee Khan Ameer Khan.Ameer@email.com
2020-06-16 14:16:05,771;INFO		employee Created Employee Corey Schafer Corey.Schafer@email.com
2020-06-16 14:16:05,771;INFO		employee Created Employee Electro Boom Electro.Boom@email.com
2020-06-16 14:17:49,603;INFO		employee Created Employee Khan Ameer Khan.Ameer@email.com
2020-06-16 14:17:49,607;INFO		employee Created Employee Corey Schafer Corey.Schafer@email.com
2020-06-16 14:17:49,607;INFO		employee Created Employee Electro Boom Electro.Boom@email.com
2020-06-16 14:18:33,037;INFO		employee Created Employee Khan Ameer Khan.Ameer@email.com
2020-06-16 14:18:33,037;INFO		employee Created Employee Corey Schafer Corey.Schafer@email.com
2020-06-16 14:18:33,037;INFO		employee Created Employee Electro Boom Electro.Boom@email.com
2020-06-16 14:18:53,126;INFO		employee Created Employee Khan Ameer Khan.Ameer@email.com
2020-06-16 14:18:53,126;INFO		employee Created Employee Corey Schafer Corey.Schafer@email.com
2020-06-16 14:18:53,126;INFO		employee Created Employee Electro Boom Electro.Boom@email.com
